[debug] [2020-09-26T03:35:38.759Z] ----------------------------------------------------------------------
[debug] [2020-09-26T03:35:38.762Z] Command:       /usr/local/bin/node /usr/local/bin/firebase functions:shell
[debug] [2020-09-26T03:35:38.762Z] CLI Version:   8.4.3
[debug] [2020-09-26T03:35:38.762Z] Platform:      darwin
[debug] [2020-09-26T03:35:38.762Z] Node Version:  v12.18.0
[debug] [2020-09-26T03:35:38.765Z] Time:          Fri Sep 25 2020 21:35:38 GMT-0600 (Mountain Daylight Time)
[debug] [2020-09-26T03:35:38.766Z] ----------------------------------------------------------------------
[debug] [2020-09-26T03:35:38.766Z] 
[debug] [2020-09-26T03:35:38.777Z] > command requires scopes: ["email","openid","https://www.googleapis.com/auth/cloudplatformprojects.readonly","https://www.googleapis.com/auth/firebase","https://www.googleapis.com/auth/cloud-platform"]
[debug] [2020-09-26T03:35:38.777Z] > authorizing via signed-in user
[debug] [2020-09-26T03:35:38.778Z] [iam] checking project cleaninajiff for permissions ["firebase.projects.get"]
[debug] [2020-09-26T03:35:38.781Z] >>> HTTP REQUEST POST https://cloudresourcemanager.googleapis.com/v1/projects/cleaninajiff:testIamPermissions  
 {"permissions":["firebase.projects.get"]}
[debug] [2020-09-26T03:35:39.154Z] <<< HTTP RESPONSE 200 {"content-type":"application/json; charset=UTF-8","vary":"X-Origin, Referer, Origin,Accept-Encoding","date":"Sat, 26 Sep 2020 03:35:39 GMT","server":"ESF","cache-control":"private","x-xss-protection":"0","x-frame-options":"SAMEORIGIN","x-content-type-options":"nosniff","server-timing":"gfet4t7; dur=151","alt-svc":"h3-Q050=\":443\"; ma=2592000,h3-29=\":443\"; ma=2592000,h3-27=\":443\"; ma=2592000,h3-T051=\":443\"; ma=2592000,h3-T050=\":443\"; ma=2592000,h3-Q046=\":443\"; ma=2592000,h3-Q043=\":443\"; ma=2592000,quic=\":443\"; ma=2592000; v=\"46,43\"","accept-ranges":"none","transfer-encoding":"chunked"}
[debug] [2020-09-26T03:35:39.167Z] [functions] Using node@12 from host.
[debug] [2020-09-26T03:35:39.176Z] [functions] Watching "/Users/mac/Coding/Personal/cleaninajiff/functions" for Cloud Functions...
[debug] [2020-09-26T03:35:39.192Z] DEBUG: [worker-pool] addWorker(~diagnostic~)
[debug] [2020-09-26T03:35:39.192Z] DEBUG: [worker-pool] Adding worker with key ~diagnostic~, total=1
[debug] [2020-09-26T03:35:39.192Z] DEBUG: [worker-pool] submitWork(triggerId=)
[debug] [2020-09-26T03:35:39.193Z] DEBUG: [worker-~diagnostic~-28fdac44-e6d7-4fc7-a28d-b8fd37c00e74]: Assigning socketPath: /var/folders/lg/z53k90ld5tx6brnqpyb_stm40000gn/T/fire_emu_22236.sock
[debug] [2020-09-26T03:35:39.193Z] DEBUG: [worker-~diagnostic~-28fdac44-e6d7-4fc7-a28d-b8fd37c00e74]: BUSY
[debug] [2020-09-26T03:35:39.654Z] DEBUG: [runtime-status] [22236] Functions runtime initialized. {"cwd":"/Users/mac/Coding/Personal/cleaninajiff/functions","node_version":"12.18.0"}
[debug] [2020-09-26T03:35:39.655Z] DEBUG: [runtime-status] [22236] Disabled runtime features: undefined
[debug] [2020-09-26T03:35:39.659Z] DEBUG: [runtime-status] [22236] Resolved module firebase-admin {"declared":true,"installed":true,"version":"8.13.0","resolution":"/Users/mac/Coding/Personal/cleaninajiff/functions/node_modules/firebase-admin/lib/index.js"}
[debug] [2020-09-26T03:35:39.660Z] DEBUG: [runtime-status] [22236] Resolved module firebase-functions {"declared":true,"installed":true,"version":"3.11.0","resolution":"/Users/mac/Coding/Personal/cleaninajiff/functions/node_modules/firebase-functions/lib/index.js"}
[debug] [2020-09-26T03:35:39.665Z] DEBUG: [runtime-status] [22236] Outgoing network have been stubbed. [{"name":"http","status":"mocked"},{"name":"http","status":"mocked"},{"name":"https","status":"mocked"},{"name":"https","status":"mocked"},{"name":"net","status":"mocked"}]
[debug] [2020-09-26T03:35:39.665Z] DEBUG: [runtime-status] [22236] Resolved module firebase-functions {"declared":true,"installed":true,"version":"3.11.0","resolution":"/Users/mac/Coding/Personal/cleaninajiff/functions/node_modules/firebase-functions/lib/index.js"}
[debug] [2020-09-26T03:35:39.720Z] DEBUG: [runtime-status] [22236] Checked functions.config() {"config":{}}
[debug] [2020-09-26T03:35:39.721Z] DEBUG: [runtime-status] [22236] firebase-functions has been stubbed. {"functionsResolution":{"declared":true,"installed":true,"version":"3.11.0","resolution":"/Users/mac/Coding/Personal/cleaninajiff/functions/node_modules/firebase-functions/lib/index.js"}}
[debug] [2020-09-26T03:35:39.721Z] DEBUG: [runtime-status] [22236] Resolved module firebase-functions {"declared":true,"installed":true,"version":"3.11.0","resolution":"/Users/mac/Coding/Personal/cleaninajiff/functions/node_modules/firebase-functions/lib/index.js"}
[debug] [2020-09-26T03:35:39.722Z] DEBUG: [runtime-status] [22236] Resolved module firebase-admin {"declared":true,"installed":true,"version":"8.13.0","resolution":"/Users/mac/Coding/Personal/cleaninajiff/functions/node_modules/firebase-admin/lib/index.js"}
[debug] [2020-09-26T03:35:39.723Z] DEBUG: [runtime-status] [22236] Resolved module firebase-functions {"declared":true,"installed":true,"version":"3.11.0","resolution":"/Users/mac/Coding/Personal/cleaninajiff/functions/node_modules/firebase-functions/lib/index.js"}
[debug] [2020-09-26T03:35:39.723Z] DEBUG: [runtime-status] [22236] firebase-admin has been stubbed. {"adminResolution":{"declared":true,"installed":true,"version":"8.13.0","resolution":"/Users/mac/Coding/Personal/cleaninajiff/functions/node_modules/firebase-admin/lib/index.js"}}
[debug] [2020-09-26T03:35:39.969Z] [functions[app]] http function initialized (http://localhost:5000/cleaninajiff/us-central1/app).
[info] i  functions: Loaded functions: app 
[warn] ⚠  functions: The following emulators are not running, calls to these services will affect production: firestore, database, pubsub 
[debug] [2020-09-26T03:35:39.982Z] DEBUG: [worker-~diagnostic~-28fdac44-e6d7-4fc7-a28d-b8fd37c00e74]: IDLE
